2025-01-13 17:15:19 - Vehículos eliminados: waf
2025-01-13 17:15:32 - Vehículos eliminados: waf
2025-01-13 17:16:23 - Vehículos eliminados: waf
2025-01-13 17:17:39 - Vehículos eliminados: HOLAEHO
2025-01-13 17:18:37 - Vehículos eliminados: HOLAEHO
2025-01-13 17:18:55 - Vehículos eliminados: HOLAEHO
2025-01-13 17:37:17 - Vehículos eliminados: Magiapotagia, qetqteaega, aegaega
2025-01-13 18:48:33 - Vehículos eliminados: zcbzbc, eqhqehqe, hqehqeqhzdh, dzhzddhzdh, bezbezbez, AAAAAAA
2025-01-13 18:49:30 - Vehículos eliminados: 
2025-01-13 18:49:52 - Vehículos eliminados: 
2025-01-13 18:55:12 - Vehículos eliminados: A3AAAAA
2025-01-13 18:56:11 - Vehículos eliminados: 
2025-01-13 18:56:54 - Vehículos eliminados: 
2025-01-13 18:57:06 - Vehículos eliminados: 
2025-01-13 18:57:20 - Vehículos eliminados: 
2025-01-13 18:57:33 - Vehículos eliminados: 
2025-01-13 18:58:39 - Vehículos eliminados: 12AAAAA
2025-01-13 18:59:14 - Vehículos eliminados: 
2025-01-13 18:59:21 - Vehículos eliminados: AAAAAAA
2025-01-13 19:00:57 - Vehículos eliminados: 
2025-01-13 19:04:30 - Vehículos eliminados: AA2AAWD
2025-01-13 19:07:33 - Vehículos eliminados: AAAAAAA
2025-01-13 19:07:38 - Vehículos eliminados: 
2025-01-13 19:07:47 - Vehículos eliminados: AAAAAAB
2025-01-13 19:08:15 - Vehículos eliminados: 
2025-01-13 19:08:41 - Vehículos eliminados: 
2025-01-13 19:09:34 - Vehículos eliminados: 
2025-01-13 19:11:09 - Vehículos eliminados: 
2025-01-13 19:12:17 - Vehículos eliminados: 
2025-01-13 19:23:48 - Vehículos eliminados: AAAAAAD
2025-01-13 19:25:22 - Vehículos eliminados: 
2025-01-13 19:25:26 - Vehículos eliminados: 
2025-01-13 19:25:30 - Vehículos eliminados: 
2025-01-13 19:26:31 - Vehículos eliminados: AAAAAAC
2025-01-13 19:26:36 - Vehículos eliminados: BABBCCC
2025-01-13 19:27:18 - Vehículos eliminados: BDBBCCC
2025-01-13 19:27:38 - Vehículos eliminados: 
2025-01-13 19:27:45 - Vehículos eliminados: BBBBCCC
2025-01-13 19:28:19 - Vehículos eliminados: 
2025-01-13 19:28:27 - Vehículos eliminados: 
2025-01-13 19:29:00 - Vehículos eliminados: A3AAAAS
2025-01-13 19:29:22 - Vehículos eliminados: 
2025-01-13 19:29:25 - Vehículos eliminados: A3AAAAB
2025-01-13 19:32:23 - Vehículos eliminados: 
2025-01-13 19:33:38 - Vehículos eliminados: A3AAAAA
2025-01-13 19:43:48 - Vehículos eliminados: A3AAAAR, AA2AACD, AAAAAAA
